HotelBookingApp/app/build/intermediates/manifest_merge_blame_file/debug/manifest-merger-blame-debug-report.txt
1<?xml version="1.0" encoding="utf-8"?>
2<manifest xmlns:android="http://schemas.android.com/apk/res/android"
3    package="course.examples.appdatphong"
4    android:versionCode="1"
5    android:versionName="1.0" >
6
7    <uses-sdk
8        android:minSdkVersion="21"
8-->src\main\AndroidManifest.xml
9        android:targetSdkVersion="29" />
9-->src\main\AndroidManifest.xml
10    <!--
11         The ACCESS_COARSE/FINE_LOCATION permissions are not required to use
12         Google Maps Android API v2, but you must specify either coarse or fine
13         location permissions for the 'MyLocation' functionality.
14    -->
15    <uses-permission android:name="android.permission.ACCESS_FINE_LOCATION" />
15-->src\main\AndroidManifest.xml:9:5-79
15-->src\main\AndroidManifest.xml:9:22-76
16    <uses-permission android:name="android.permission.WRITE_EXTERNAL_STORAGE" />
16-->src\main\AndroidManifest.xml:10:5-81
16-->src\main\AndroidManifest.xml:10:22-78
17    <uses-permission android:name="android.permission.ACCESS_COARSE_LOCATION" />
17-->src\main\AndroidManifest.xml:11:5-81
17-->src\main\AndroidManifest.xml:11:22-78
18    <uses-permission android:name="android.permission.INTERNET" />
18-->src\main\AndroidManifest.xml:12:5-67
18-->src\main\AndroidManifest.xml:12:22-64
19    <uses-permission android:name="android.permission.ACCESS_NETWORK_STATE" />
19-->src\main\AndroidManifest.xml:13:5-79
19-->src\main\AndroidManifest.xml:13:22-76
20
21    <uses-feature
21-->[com.google.android.gms:play-services-maps:16.1.0] AndroidManifest.xml:26:5-28:35
22        android:glEsVersion="0x00020000"
22-->[com.google.android.gms:play-services-maps:16.1.0] AndroidManifest.xml:27:9-41
23        android:required="true" />
23-->[com.google.android.gms:play-services-maps:16.1.0] AndroidManifest.xml:28:9-32
24
25    <application
25-->src\main\AndroidManifest.xml:15:5-63:19
26        android:allowBackup="true"
26-->src\main\AndroidManifest.xml:16:9-35
27        android:appComponentFactory="androidx.core.app.CoreComponentFactory"
27-->[androidx.core:core:1.1.0] AndroidManifest.xml:24:18-86
28        android:debuggable="true"
29        android:icon="@mipmap/ic_launcher"
29-->src\main\AndroidManifest.xml:17:9-43
30        android:label="@string/app_name"
30-->src\main\AndroidManifest.xml:18:9-41
31        android:roundIcon="@mipmap/ic_launcher_round"
31-->src\main\AndroidManifest.xml:19:9-54
32        android:supportsRtl="true"
32-->src\main\AndroidManifest.xml:20:9-35
33        android:testOnly="true"
34        android:theme="@style/AppTheme"
34-->src\main\AndroidManifest.xml:21:9-40
35        android:usesCleartextTraffic="true" >
35-->src\main\AndroidManifest.xml:22:9-44
36        <activity android:name="course.examples.appdatphong.ChiTietDaHuyActivity" />
36-->src\main\AndroidManifest.xml:23:9-67
36-->src\main\AndroidManifest.xml:23:19-55
37        <activity android:name="course.examples.appdatphong.ChiTietLichSuActivity" />
37-->src\main\AndroidManifest.xml:24:9-59
37-->src\main\AndroidManifest.xml:24:19-56
38        <activity android:name="course.examples.appdatphong.LichSuDatPhongActivity" />
38-->src\main\AndroidManifest.xml:25:9-60
38-->src\main\AndroidManifest.xml:25:19-57
39        <activity android:name="course.examples.appdatphong.Nhapchitietdanhgia" />
39-->src\main\AndroidManifest.xml:26:9-56
39-->src\main\AndroidManifest.xml:26:19-53
40        <activity android:name="course.examples.appdatphong.FullImage" />
40-->src\main\AndroidManifest.xml:27:9-47
40-->src\main\AndroidManifest.xml:27:19-44
41        <activity android:name="course.examples.appdatphong.DanhGia" />
41-->src\main\AndroidManifest.xml:28:9-45
41-->src\main\AndroidManifest.xml:28:19-42
42        <activity android:name="course.examples.appdatphong.DichVuActiviry" />
42-->src\main\AndroidManifest.xml:29:9-52
42-->src\main\AndroidManifest.xml:29:19-49
43        <activity android:name="course.examples.appdatphong.TaiKhoanActivity" />
43-->src\main\AndroidManifest.xml:30:9-54
43-->src\main\AndroidManifest.xml:30:19-51
44        <activity android:name="course.examples.appdatphong.DangKyActivity" />
44-->src\main\AndroidManifest.xml:31:9-52
44-->src\main\AndroidManifest.xml:31:19-49
45        <activity android:name="course.examples.appdatphong.DangNhapActivity" >
45-->src\main\AndroidManifest.xml:32:9-38:20
45-->src\main\AndroidManifest.xml:32:19-51
46            <intent-filter>
46-->src\main\AndroidManifest.xml:33:13-37:29
47                <action android:name="android.intent.action.MAIN" />
47-->src\main\AndroidManifest.xml:34:17-69
47-->src\main\AndroidManifest.xml:34:25-66
48
49                <category android:name="android.intent.category.LAUNCHER" />
49-->src\main\AndroidManifest.xml:36:17-77
49-->src\main\AndroidManifest.xml:36:27-74
50            </intent-filter>
51        </activity>
52        <activity android:name="course.examples.appdatphong.CalendarActivity" />
52-->src\main\AndroidManifest.xml:39:9-54
52-->src\main\AndroidManifest.xml:39:19-51
53        <activity android:name="course.examples.appdatphong.PhongActivity" />
53-->src\main\AndroidManifest.xml:40:9-51
53-->src\main\AndroidManifest.xml:40:19-48
54        <activity android:name="course.examples.appdatphong.DaNangActivity" />
54-->src\main\AndroidManifest.xml:41:9-52
54-->src\main\AndroidManifest.xml:41:19-49
55        <!--
56             The API key for Google Maps-based APIs is defined as a string resource.
57             (See the file "res/values/google_maps_api.xml").
58             Note that the API key is linked to the encryption key used to sign the APK.
59             You need a different API key for each encryption key, including the release key that is used to
60             sign the APK for publishing.
61             You can define the keys for the debug and release targets in src/debug/ and src/release/.
62        -->
63        <meta-data
63-->src\main\AndroidManifest.xml:50:9-52:55
64            android:name="com.google.android.geo.API_KEY"
64-->src\main\AndroidManifest.xml:51:13-58
65            android:value="@string/google_maps_key" />
65-->src\main\AndroidManifest.xml:52:13-52
66
67        <activity
67-->src\main\AndroidManifest.xml:54:9-56:64
68            android:name="course.examples.appdatphong.ThongTinActivity"
68-->src\main\AndroidManifest.xml:55:13-45
69            android:label="@string/title_activity_thong_tin" />
69-->src\main\AndroidManifest.xml:56:13-61
70        <activity android:name="course.examples.appdatphong.ThongTinKhachHangActivity" />
70-->src\main\AndroidManifest.xml:57:9-63
70-->src\main\AndroidManifest.xml:57:19-60
71        <activity android:name="course.examples.appdatphong.GioHangActivity" />
71-->src\main\AndroidManifest.xml:58:9-53
71-->src\main\AndroidManifest.xml:58:19-50
72        <activity android:name="course.examples.appdatphong.ChiTietKhachSanActivity" />
72-->src\main\AndroidManifest.xml:59:9-61
72-->src\main\AndroidManifest.xml:59:19-58
73        <activity android:name="course.examples.appdatphong.HaNoiActivity" />
73-->src\main\AndroidManifest.xml:60:9-51
73-->src\main\AndroidManifest.xml:60:19-48
74        <activity android:name="course.examples.appdatphong.HoChiMinhActivity" />
74-->src\main\AndroidManifest.xml:61:9-55
74-->src\main\AndroidManifest.xml:61:19-52
75        <activity android:name="activity.MainActivity" />
75-->src\main\AndroidManifest.xml:62:9-58
75-->src\main\AndroidManifest.xml:62:19-55
76        <!-- Needs to be explicitly declared on P+ -->
77        <uses-library
77-->[com.google.android.gms:play-services-maps:16.1.0] AndroidManifest.xml:33:9-35:40
78            android:name="org.apache.http.legacy"
78-->[com.google.android.gms:play-services-maps:16.1.0] AndroidManifest.xml:34:13-50
79            android:required="false" />
79-->[com.google.android.gms:play-services-maps:16.1.0] AndroidManifest.xml:35:13-37
80
81        <activity
81-->[com.google.android.gms:play-services-base:16.0.1] AndroidManifest.xml:23:9-26:75
82            android:name="com.google.android.gms.common.api.GoogleApiActivity"
82-->[com.google.android.gms:play-services-base:16.0.1] AndroidManifest.xml:24:13-79
83            android:exported="false"
83-->[com.google.android.gms:play-services-base:16.0.1] AndroidManifest.xml:25:13-37
84            android:theme="@android:style/Theme.Translucent.NoTitleBar" />
84-->[com.google.android.gms:play-services-base:16.0.1] AndroidManifest.xml:26:13-72
85
86        <meta-data
86-->[com.google.android.gms:play-services-basement:16.0.1] AndroidManifest.xml:23:9-25:69
87            android:name="com.google.android.gms.version"
87-->[com.google.android.gms:play-services-basement:16.0.1] AndroidManifest.xml:24:13-58
88            android:value="@integer/google_play_services_version" />
88-->[com.google.android.gms:play-services-basement:16.0.1] AndroidManifest.xml:25:13-66
89    </application>
90
91</manifest>